<?xml version="1.0" encoding="UTF-8"?>
<!-- Generated by org.testng.reporters.JUnitReportReporter -->
<testsuite name="test_class.Trip_test_page" tests="1" time="97.396" ignored="0" failures="0" timestamp="31 Jan 2020 03:41:35 GMT" skipped="0" hostname="DESKTOP-BJ2S468" errors="0">
  <testcase name="test" time="97.396" classname="test_class.Trip_test_page"/>
</testsuite> <!-- test_class.Trip_test_page -->
