<?xml version="1.0" encoding="UTF-8"?>
<!-- Generated by org.testng.reporters.JUnitReportReporter -->
<testsuite name="test_class.Test_page" tests="1" time="42.758" ignored="0" failures="0" timestamp="31 Jan 2020 03:10:22 GMT" skipped="0" hostname="DESKTOP-BJ2S468" errors="0">
  <testcase name="test" time="42.758" classname="test_class.Test_page"/>
</testsuite> <!-- test_class.Test_page -->
